Traceback (most recent call last):
  File "C:\Users\zoya\turingenv\lib\site-packages\jupyter_cache\executors\utils.py", line 51, in single_nb_execution
    executenb(
  File "C:\Users\zoya\turingenv\lib\site-packages\nbclient\client.py", line 1085, in execute
    return NotebookClient(nb=nb, resources=resources, km=km, **kwargs).execute()
  File "C:\Users\zoya\turingenv\lib\site-packages\nbclient\util.py", line 84, in wrapped
    return just_run(coro(*args, **kwargs))
  File "C:\Users\zoya\turingenv\lib\site-packages\nbclient\util.py", line 62, in just_run
    return loop.run_until_complete(coro)
  File "C:\Users\zoya\AppData\Local\Programs\Python\Python310\lib\asyncio\base_events.py", line 641, in run_until_complete
    return future.result()
  File "C:\Users\zoya\turingenv\lib\site-packages\nbclient\client.py", line 551, in async_execute
    await self.async_execute_cell(
  File "C:\Users\zoya\turingenv\lib\site-packages\nbclient\client.py", line 846, in async_execute_cell
    self._check_raise_for_error(cell, exec_reply)
  File "C:\Users\zoya\turingenv\lib\site-packages\nbclient\client.py", line 748, in _check_raise_for_error
    raise CellExecutionError.from_cell_and_msg(cell, exec_reply_content)
nbclient.exceptions.CellExecutionError: An error occurred while executing the following cell:
------------------
# A micro:bit Firefly.
# By Nicholas H.Tollervey. Released to the public domain.
import radio
import random
from microbit import display, Image, button_a, sleep

# Create the "flash" animation frames. Can you work out how it's done?
flash = [Image().invert()*(i/9) for i in range(9, -1, -1)]

# The radio won't work unless it's switched on.
radio.on()

# Event loop.
while True:
    # Button A sends a "flash" message.
    if button_a.was_pressed():
        radio.send('flash')  # a-ha
    # Read any incoming messages.
    incoming = radio.receive()
    if incoming == 'flash':
        # If there's an incoming "flash" message display
        # the firefly flash animation after a random short
        # pause.
        sleep(random.randint(50, 350))
        display.show(flash, delay=100, wait=False)
        # Randomly re-broadcast the flash message after a
        # slight delay.
        if random.randint(0, 9) == 0:
            sleep(500)
            radio.send('flash')  # a-ha
------------------

[1;31m---------------------------------------------------------------------------[0m
[1;31mModuleNotFoundError[0m                       Traceback (most recent call last)
Input [1;32mIn [1][0m, in [0;36m<module>[1;34m[0m
[0;32m      1[0m [38;5;66;03m# A micro:bit Firefly.[39;00m
[0;32m      2[0m [38;5;66;03m# By Nicholas H.Tollervey. Released to the public domain.[39;00m
[1;32m----> 3[0m [38;5;28;01mimport[39;00m [38;5;21;01mradio[39;00m
[0;32m      4[0m [38;5;28;01mimport[39;00m [38;5;21;01mrandom[39;00m
[0;32m      5[0m [38;5;28;01mfrom[39;00m [38;5;21;01mmicrobit[39;00m [38;5;28;01mimport[39;00m display, Image, button_a, sleep

[1;31mModuleNotFoundError[0m: No module named 'radio'
ModuleNotFoundError: No module named 'radio'

